<?xml version="1.0" encoding="UTF-8"?>
<!-- Generated by org.testng.reporters.JUnitXMLReporter -->
<testsuite hostname="DESKTOP-K2LQBUM" ignored="0" name="Default test" tests="4" failures="0" timestamp="05 May 2019 06:36:39 GMT" time="27.274" errors="0">
  <testcase name="clickOnMobile" time="5.11" classname="Assignment4.Mobile"/>
  <testcase name="clickOnCompare" time="3.053" classname="Assignment4.Mobile"/>
  <testcase name="clickOnButton" time="5.283" classname="Assignment4.Mobile"/>
  <testcase name="verifyWindows" time="1.419" classname="Assignment4.Mobile"/>
</testsuite> <!-- Default test -->
