<?xml version="1.0" encoding="UTF-8"?>
<testng-results skipped="0" failed="0" ignored="0" total="4" passed="4">
  <reporter-output>
  </reporter-output>
  <suite name="Default suite" duration-ms="27274" started-at="2019-05-05T06:36:11Z" finished-at="2019-05-05T06:36:38Z">
    <groups>
    </groups>
    <test name="Default test" duration-ms="27274" started-at="2019-05-05T06:36:11Z" finished-at="2019-05-05T06:36:38Z">
      <class name="Assignment4.Mobile">
        <test-method status="PASS" signature="openBrowser()[pri:0, instance:Assignment4.Mobile@62ee68d8]" name="openBrowser" is-config="true" duration-ms="4334" started-at="2019-05-05T06:36:07Z" finished-at="2019-05-05T06:36:11Z">
          <reporter-output>
          </reporter-output>
        </test-method> <!-- openBrowser -->
        <test-method status="PASS" signature="enterApplictionURL()[pri:0, instance:Assignment4.Mobile@62ee68d8]" name="enterApplictionURL" is-config="true" duration-ms="7962" started-at="2019-05-05T06:36:11Z" finished-at="2019-05-05T06:36:19Z">
          <reporter-output>
          </reporter-output>
        </test-method> <!-- enterApplictionURL -->
        <test-method status="PASS" signature="maximizeBrowser()[pri:0, instance:Assignment4.Mobile@62ee68d8]" name="maximizeBrowser" is-config="true" duration-ms="1194" started-at="2019-05-05T06:36:19Z" finished-at="2019-05-05T06:36:20Z">
          <reporter-output>
          </reporter-output>
        </test-method> <!-- maximizeBrowser -->
        <test-method status="PASS" signature="getAllCookies()[pri:0, instance:Assignment4.Mobile@62ee68d8]" name="getAllCookies" is-config="true" duration-ms="54" started-at="2019-05-05T06:36:20Z" finished-at="2019-05-05T06:36:20Z">
          <reporter-output>
          </reporter-output>
        </test-method> <!-- getAllCookies -->
        <test-method status="PASS" signature="clickOnMobile()[pri:1, instance:Assignment4.Mobile@62ee68d8]" name="clickOnMobile" duration-ms="5110" started-at="2019-05-05T06:36:20Z" finished-at="2019-05-05T06:36:25Z">
          <reporter-output>
          </reporter-output>
        </test-method> <!-- clickOnMobile -->
        <test-method status="PASS" signature="screenshot()[pri:0, instance:Assignment4.Mobile@62ee68d8]" name="screenshot" is-config="true" duration-ms="814" started-at="2019-05-05T06:36:25Z" finished-at="2019-05-05T06:36:26Z">
          <reporter-output>
          </reporter-output>
        </test-method> <!-- screenshot -->
        <test-method status="PASS" signature="getAllCookies()[pri:0, instance:Assignment4.Mobile@62ee68d8]" name="getAllCookies" is-config="true" duration-ms="11" started-at="2019-05-05T06:36:26Z" finished-at="2019-05-05T06:36:26Z">
          <reporter-output>
          </reporter-output>
        </test-method> <!-- getAllCookies -->
        <test-method status="PASS" signature="clickOnCompare()[pri:2, instance:Assignment4.Mobile@62ee68d8]" name="clickOnCompare" duration-ms="3053" started-at="2019-05-05T06:36:26Z" finished-at="2019-05-05T06:36:29Z">
          <reporter-output>
          </reporter-output>
        </test-method> <!-- clickOnCompare -->
        <test-method status="PASS" signature="screenshot()[pri:0, instance:Assignment4.Mobile@62ee68d8]" name="screenshot" is-config="true" duration-ms="909" started-at="2019-05-05T06:36:29Z" finished-at="2019-05-05T06:36:30Z">
          <reporter-output>
          </reporter-output>
        </test-method> <!-- screenshot -->
        <test-method status="PASS" signature="getAllCookies()[pri:0, instance:Assignment4.Mobile@62ee68d8]" name="getAllCookies" is-config="true" duration-ms="19" started-at="2019-05-05T06:36:30Z" finished-at="2019-05-05T06:36:30Z">
          <reporter-output>
          </reporter-output>
        </test-method> <!-- getAllCookies -->
        <test-method status="PASS" signature="clickOnButton()[pri:3, instance:Assignment4.Mobile@62ee68d8]" name="clickOnButton" duration-ms="5283" started-at="2019-05-05T06:36:30Z" finished-at="2019-05-05T06:36:35Z">
          <reporter-output>
          </reporter-output>
        </test-method> <!-- clickOnButton -->
        <test-method status="PASS" signature="screenshot()[pri:0, instance:Assignment4.Mobile@62ee68d8]" name="screenshot" is-config="true" duration-ms="683" started-at="2019-05-05T06:36:35Z" finished-at="2019-05-05T06:36:36Z">
          <reporter-output>
          </reporter-output>
        </test-method> <!-- screenshot -->
        <test-method status="PASS" signature="getAllCookies()[pri:0, instance:Assignment4.Mobile@62ee68d8]" name="getAllCookies" is-config="true" duration-ms="11" started-at="2019-05-05T06:36:36Z" finished-at="2019-05-05T06:36:36Z">
          <reporter-output>
          </reporter-output>
        </test-method> <!-- getAllCookies -->
        <test-method status="PASS" signature="verifyWindows()[pri:4, instance:Assignment4.Mobile@62ee68d8]" name="verifyWindows" duration-ms="1419" started-at="2019-05-05T06:36:36Z" finished-at="2019-05-05T06:36:38Z">
          <reporter-output>
          </reporter-output>
        </test-method> <!-- verifyWindows -->
        <test-method status="PASS" signature="screenshot()[pri:0, instance:Assignment4.Mobile@62ee68d8]" name="screenshot" is-config="true" duration-ms="428" started-at="2019-05-05T06:36:38Z" finished-at="2019-05-05T06:36:38Z">
          <reporter-output>
          </reporter-output>
        </test-method> <!-- screenshot -->
        <test-method status="PASS" signature="dbConnectionClose()[pri:0, instance:Assignment4.Mobile@62ee68d8]" name="dbConnectionClose" is-config="true" duration-ms="0" started-at="2019-05-05T06:36:38Z" finished-at="2019-05-05T06:36:38Z">
          <reporter-output>
          </reporter-output>
        </test-method> <!-- dbConnectionClose -->
        <test-method status="PASS" signature="deleteAllCookies()[pri:0, instance:Assignment4.Mobile@62ee68d8]" name="deleteAllCookies" is-config="true" duration-ms="257" started-at="2019-05-05T06:36:38Z" finished-at="2019-05-05T06:36:38Z">
          <reporter-output>
          </reporter-output>
        </test-method> <!-- deleteAllCookies -->
        <test-method status="PASS" signature="afterSuite()[pri:0, instance:Assignment4.Mobile@62ee68d8]" name="afterSuite" is-config="true" duration-ms="5920" started-at="2019-05-05T06:36:39Z" finished-at="2019-05-05T06:36:45Z">
          <reporter-output>
          </reporter-output>
        </test-method> <!-- afterSuite -->
      </class> <!-- Assignment4.Mobile -->
    </test> <!-- Default test -->
  </suite> <!-- Default suite -->
</testng-results>
